0 info it worked if it ends with ok
1 verbose cli [ 'd:\\Program Files (x86)\\nodejs\\node.exe',
1 verbose cli   'd:\\Program Files (x86)\\nodejs\\node_modules\\npm\\bin\\npm-cli.js',
1 verbose cli   'version',
1 verbose cli   'patch' ]
2 info using npm@3.3.12
3 info using node@v5.3.0
4 info git [ 'status', '--porcelain' ]
5 verbose stack Error: Git working directory not clean.
5 verbose stack M dist/datetime-picker.js
5 verbose stack     at d:\Program Files (x86)\nodejs\node_modules\npm\lib\version.js:172:21
5 verbose stack     at ChildProcess.exithandler (child_process.js:204:7)
5 verbose stack     at emitTwo (events.js:87:13)
5 verbose stack     at ChildProcess.emit (events.js:172:7)
5 verbose stack     at maybeClose (internal/child_process.js:818:16)
5 verbose stack     at Process.ChildProcess._handle.onexit (internal/child_process.js:211:5)
6 verbose cwd d:\ConveyorCMS\onewindow-date-time-picker
7 error Windows_NT 6.1.7601
8 error argv "d:\\Program Files (x86)\\nodejs\\node.exe" "d:\\Program Files (x86)\\nodejs\\node_modules\\npm\\bin\\npm-cli.js" "version" "patch"
9 error node v5.3.0
10 error npm  v3.3.12
11 error Git working directory not clean.
11 error M dist/datetime-picker.js
12 error If you need help, you may report this error at:
12 error     <https://github.com/npm/npm/issues>
13 verbose exit [ 1, true ]
